TN:
SF:src\App.tsx
FN:5,App
FNF:1
FNH:1
FNDA:1,App
DA:6,1
LF:1
LH:1
BRF:0
BRH:0
end_of_record
TN:
SF:src\components\chatpage\CapabilityCards.tsx
FN:43,CapabilityCards
FN:51,(anonymous_1)
FNF:2
FNH:2
FNDA:75,CapabilityCards
FNDA:225,(anonymous_1)
DA:11,2
DA:29,2
DA:34,2
DA:44,75
DA:52,225
DA:53,225
LF:6
LH:6
BRF:0
BRH:0
end_of_record
TN:
SF:src\components\chatpage\ChatMessage.tsx
FN:8,ChakraAvatar
FN:16,(anonymous_1)
FN:48,ChatMessage
FN:52,(anonymous_3)
FN:56,(anonymous_4)
FNF:5
FNH:3
FNDA:41,ChakraAvatar
FNDA:984,(anonymous_1)
FNDA:79,ChatMessage
FNDA:0,(anonymous_3)
FNDA:0,(anonymous_4)
DA:9,41
DA:10,41
DA:11,41
DA:17,984
DA:18,984
DA:19,984
DA:49,79
DA:50,79
DA:52,79
DA:53,0
DA:54,0
DA:55,0
DA:56,0
DA:59,79
LF:14
LH:10
BRDA:53,0,0,0
BRDA:53,0,1,0
BRDA:61,1,0,38
BRDA:61,1,1,41
BRDA:64,2,0,38
BRDA:64,2,1,41
BRDA:67,3,0,79
BRDA:67,3,1,41
BRDA:69,4,0,38
BRDA:69,4,1,41
BRDA:71,5,0,79
BRDA:71,5,1,41
BRDA:71,5,2,28
BRDA:81,6,0,0
BRDA:81,6,1,28
BRDA:82,7,0,0
BRDA:82,7,1,28
BRDA:90,8,0,38
BRDA:90,8,1,41
BRDA:95,9,0,13
BRDA:95,9,1,66
BRDA:98,10,0,38
BRDA:98,10,1,28
BRDA:99,11,0,38
BRDA:99,11,1,28
BRDA:105,12,0,79
BRDA:105,12,1,66
BRDA:108,13,0,38
BRDA:108,13,1,28
BRF:29
BRH:25
end_of_record
TN:
SF:src\components\chatpage\LoadingDots.tsx
FN:8,LoadingDots
FN:11,(anonymous_1)
FNF:2
FNH:2
FNDA:13,LoadingDots
FNDA:39,(anonymous_1)
DA:3,3
DA:9,13
DA:12,39
LF:3
LH:3
BRF:0
BRH:0
end_of_record
TN:
SF:src\components\chatpage\MessageFormatter.tsx
FN:20,InlineText
FN:24,(anonymous_1)
FN:36,StepBlock
FN:39,(anonymous_3)
FN:59,BulletBlock
FN:62,(anonymous_5)
FN:75,HeadingBlock
FN:85,InfoCard
FN:96,parseAndRender
FN:98,(anonymous_9)
FN:98,(anonymous_10)
FN:188,MessageFormatter
FNF:12
FNH:12
FNDA:57,InlineText
FNDA:65,(anonymous_1)
FNDA:6,StepBlock
FNDA:7,(anonymous_3)
FNDA:3,BulletBlock
FNDA:4,(anonymous_5)
FNDA:1,HeadingBlock
FNDA:4,InfoCard
FNDA:55,parseAndRender
FNDA:59,(anonymous_9)
FNDA:59,(anonymous_10)
FNDA:55,MessageFormatter
DA:21,57
DA:22,57
DA:25,65
DA:26,4
DA:28,61
DA:37,6
DA:40,7
DA:41,7
DA:42,7
DA:44,7
DA:60,3
DA:63,4
DA:64,4
DA:76,1
DA:77,1
DA:86,4
DA:98,59
DA:99,55
DA:100,55
DA:102,55
DA:103,56
DA:106,56
DA:107,6
DA:108,6
DA:109,7
DA:110,7
DA:112,6
DA:113,6
DA:117,50
DA:118,3
DA:119,3
DA:120,4
DA:121,4
DA:123,3
DA:124,3
DA:128,47
DA:129,1
DA:130,1
DA:131,1
DA:135,46
DA:136,1
DA:137,1
DA:138,1
DA:142,45
DA:143,1
DA:144,1
DA:145,1
DA:149,44
DA:150,1
DA:151,1
DA:152,1
DA:156,43
DA:157,1
DA:158,1
DA:159,1
DA:163,42
DA:164,1
DA:165,1
DA:170,1
DA:171,1
DA:175,41
DA:180,41
DA:183,55
DA:189,55
DA:190,55
LF:65
LH:65
BRDA:25,0,0,4
BRDA:25,0,1,61
BRDA:25,1,0,65
BRDA:25,1,1,4
BRDA:41,2,0,7
BRDA:41,2,1,0
BRDA:42,3,0,7
BRDA:42,3,1,0
BRDA:106,4,0,6
BRDA:106,4,1,50
BRDA:108,5,0,6
BRDA:108,5,1,7
BRDA:117,6,0,3
BRDA:117,6,1,47
BRDA:117,7,0,50
BRDA:117,7,1,3
BRDA:117,7,2,3
BRDA:117,7,3,3
BRDA:119,8,0,3
BRDA:119,8,1,4
BRDA:119,8,2,4
BRDA:119,8,3,4
BRDA:119,8,4,4
BRDA:128,9,0,1
BRDA:128,9,1,46
BRDA:135,10,0,1
BRDA:135,10,1,45
BRDA:142,11,0,1
BRDA:142,11,1,44
BRDA:149,12,0,1
BRDA:149,12,1,43
BRDA:156,13,0,1
BRDA:156,13,1,42
BRDA:163,14,0,1
BRDA:163,14,1,41
BRF:35
BRH:33
end_of_record
TN:
SF:src\components\chatpage\StarterChips.tsx
FN:31,StarterChips
FN:39,(anonymous_1)
FN:45,(anonymous_2)
FNF:3
FNH:3
FNDA:75,StarterChips
FNDA:450,(anonymous_1)
FNDA:1,(anonymous_2)
DA:4,2
DA:17,2
DA:22,2
DA:32,75
DA:40,450
DA:45,1
LF:6
LH:6
BRF:0
BRH:0
end_of_record
TN:
SF:src\components\landingpage\CTASection.tsx
FN:5,ChakraWatermark
FN:12,(anonymous_1)
FN:25,CTASection
FN:45,(anonymous_3)
FNF:4
FNH:3
FNDA:2,ChakraWatermark
FNDA:48,(anonymous_1)
FNDA:2,CTASection
FNDA:0,(anonymous_3)
DA:6,2
DA:7,2
DA:8,2
DA:13,48
DA:14,48
DA:15,48
DA:26,2
DA:28,2
DA:45,0
LF:9
LH:8
BRF:0
BRH:0
end_of_record
TN:
SF:src\components\landingpage\ElectionPhases.tsx
FN:37,ElectionPhases
FN:40,(anonymous_1)
FN:42,(anonymous_2)
FN:43,(anonymous_3)
FN:45,(anonymous_4)
FN:56,(anonymous_5)
FN:87,(anonymous_6)
FNF:7
FNH:3
FNDA:2,ElectionPhases
FNDA:2,(anonymous_1)
FNDA:0,(anonymous_2)
FNDA:0,(anonymous_3)
FNDA:0,(anonymous_4)
FNDA:2,(anonymous_5)
FNDA:0,(anonymous_6)
DA:16,1
DA:27,1
DA:32,1
DA:38,2
DA:40,2
DA:41,2
DA:42,0
DA:44,0
DA:45,0
DA:46,0
DA:53,0
DA:56,2
DA:59,2
DA:88,0
DA:89,0
LF:15
LH:8
BRDA:44,0,0,0
BRDA:44,0,1,0
BRDA:44,1,0,0
BRDA:44,1,1,0
BRDA:50,2,0,0
BRDA:50,2,1,0
BRF:6
BRH:0
end_of_record
TN:
SF:src\components\landingpage\Footer.tsx
FN:3,Footer
FNF:1
FNH:1
FNDA:2,Footer
DA:4,2
LF:1
LH:1
BRF:0
BRH:0
end_of_record
TN:
SF:src\components\landingpage\HeroSection.tsx
FN:5,AshokaChakra
FN:21,(anonymous_1)
FN:33,(anonymous_2)
FN:59,FloatingParticles
FN:75,(anonymous_4)
FN:92,HeroSection
FN:128,(anonymous_6)
FNF:7
FNH:6
FNDA:2,AshokaChakra
FNDA:48,(anonymous_1)
FNDA:48,(anonymous_2)
FNDA:2,FloatingParticles
FNDA:20,(anonymous_4)
FNDA:2,HeroSection
FNDA:0,(anonymous_6)
DA:6,2
DA:7,2
DA:8,2
DA:9,2
DA:10,2
DA:12,2
DA:22,48
DA:23,48
DA:24,48
DA:25,48
DA:26,48
DA:27,48
DA:28,48
DA:34,48
DA:35,48
DA:36,48
DA:37,48
DA:38,48
DA:39,48
DA:40,48
DA:41,48
DA:42,48
DA:43,48
DA:44,48
DA:45,48
DA:46,48
DA:47,48
DA:48,48
DA:60,2
DA:73,2
DA:76,20
DA:93,2
DA:95,2
DA:128,0
LF:34
LH:33
BRDA:5,0,0,2
BRDA:78,1,0,8
BRDA:78,1,1,12
BRDA:78,2,0,6
BRDA:78,2,1,6
BRDA:84,3,0,16
BRDA:84,3,1,4
BRF:7
BRH:7
end_of_record
TN:
SF:src\components\landingpage\HowItWorks.tsx
FN:43,HowItWorks
FN:67,(anonymous_1)
FNF:2
FNH:2
FNDA:2,HowItWorks
FNDA:6,(anonymous_1)
DA:12,1
DA:33,1
DA:38,1
DA:44,2
DA:68,6
DA:69,6
LF:6
LH:6
BRF:0
BRH:0
end_of_record
TN:
SF:src\components\landingpage\Navbar.tsx
FN:6,Navbar
FN:10,(anonymous_1)
FN:11,(anonymous_2)
FN:13,(anonymous_3)
FN:41,(anonymous_4)
FNF:5
FNH:3
FNDA:2,Navbar
FNDA:2,(anonymous_1)
FNDA:0,(anonymous_2)
FNDA:2,(anonymous_3)
FNDA:0,(anonymous_4)
DA:7,2
DA:8,2
DA:10,2
DA:11,2
DA:12,2
DA:13,2
DA:16,2
DA:41,0
LF:8
LH:7
BRDA:22,0,0,0
BRDA:22,0,1,2
BRF:2
BRH:1
end_of_record
TN:
SF:src\components\landingpage\SampleQuestions.tsx
FN:23,SampleQuestions
FN:48,(anonymous_1)
FN:74,(anonymous_2)
FNF:3
FNH:2
FNDA:2,SampleQuestions
FNDA:12,(anonymous_1)
FNDA:0,(anonymous_2)
DA:4,1
DA:13,1
DA:18,1
DA:24,2
DA:26,2
DA:49,12
DA:74,0
LF:7
LH:6
BRF:0
BRH:0
end_of_record
TN:
SF:src\components\landingpage\StatsBar.tsx
FN:11,AnimatedCounter
FN:16,(anonymous_1)
FN:24,tick
FN:57,StatsBar
FN:68,(anonymous_4)
FNF:5
FNH:4
FNDA:6,AnimatedCounter
FNDA:6,(anonymous_1)
FNDA:0,tick
FNDA:2,StatsBar
FNDA:6,(anonymous_4)
DA:12,6
DA:13,6
DA:14,6
DA:16,6
DA:17,6
DA:19,0
DA:20,0
DA:21,0
DA:22,0
DA:25,0
DA:26,0
DA:28,0
DA:29,0
DA:30,0
DA:31,0
DA:34,0
DA:37,6
DA:58,2
DA:64,2
DA:69,6
LF:20
LH:9
BRDA:11,0,0,6
BRDA:17,1,0,6
BRDA:17,1,1,0
BRDA:31,2,0,0
BRDA:31,2,1,0
BRF:5
BRH:2
end_of_record
TN:
SF:src\components\landingpage\TrustBar.tsx
FN:31,TrustBar
FN:55,(anonymous_1)
FNF:2
FNH:2
FNDA:2,TrustBar
FNDA:6,(anonymous_1)
DA:3,1
DA:21,1
DA:26,1
DA:32,2
DA:56,6
LF:5
LH:5
BRF:0
BRH:0
end_of_record
TN:
SF:src\pages\ChatPage.tsx
FN:11,MiniChakra
FN:17,(anonymous_1)
FN:32,LargeChakra
FN:38,(anonymous_3)
FN:55,getSuggestions
FN:64,getTimestamp
FN:68,createId
FN:87,ChatPage
FN:99,(anonymous_8)
FN:104,(anonymous_9)
FN:109,(anonymous_10)
FN:115,(anonymous_11)
FN:116,(anonymous_12)
FN:138,(anonymous_13)
FN:165,(anonymous_14)
FN:167,(anonymous_15)
FN:181,(anonymous_16)
FN:182,(anonymous_17)
FN:193,(anonymous_18)
FN:200,(anonymous_19)
FN:225,(anonymous_20)
FN:271,(anonymous_21)
FN:274,(anonymous_22)
FN:288,(anonymous_23)
FN:335,(anonymous_24)
FN:341,(anonymous_25)
FN:353,(anonymous_26)
FN:356,(anonymous_27)
FN:396,(anonymous_28)
FN:407,(anonymous_29)
FN:431,(anonymous_30)
FNF:31
FNH:25
FNDA:107,MiniChakra
FNDA:2568,(anonymous_1)
FNDA:75,LargeChakra
FNDA:1800,(anonymous_3)
FNDA:6,getSuggestions
FNDA:20,getTimestamp
FNDA:30,createId
FNDA:107,ChatPage
FNDA:37,(anonymous_8)
FNDA:18,(anonymous_9)
FNDA:10,(anonymous_10)
FNDA:0,(anonymous_11)
FNDA:0,(anonymous_12)
FNDA:10,(anonymous_13)
FNDA:5,(anonymous_14)
FNDA:10,(anonymous_15)
FNDA:4,(anonymous_16)
FNDA:8,(anonymous_17)
FNDA:69,(anonymous_18)
FNDA:0,(anonymous_19)
FNDA:0,(anonymous_20)
FNDA:963,(anonymous_21)
FNDA:1,(anonymous_22)
FNDA:0,(anonymous_23)
FNDA:1,(anonymous_24)
FNDA:64,(anonymous_25)
FNDA:10,(anonymous_26)
FNDA:0,(anonymous_27)
FNDA:69,(anonymous_28)
FNDA:69,(anonymous_29)
FNDA:9,(anonymous_30)
DA:12,107
DA:13,107
DA:18,2568
DA:19,2568
DA:20,2568
DA:33,75
DA:34,75
DA:39,1800
DA:40,1800
DA:41,1800
DA:56,6
DA:57,6
DA:58,6
DA:59,6
DA:60,6
DA:65,20
DA:69,30
DA:72,2
DA:88,107
DA:89,107
DA:90,107
DA:91,107
DA:92,107
DA:93,107
DA:94,107
DA:95,107
DA:96,107
DA:99,107
DA:100,37
DA:104,107
DA:105,18
DA:108,107
DA:110,10
DA:111,10
DA:114,10
DA:115,0
DA:116,0
DA:122,10
DA:130,10
DA:138,10
DA:139,10
DA:140,10
DA:141,10
DA:143,10
DA:144,10
DA:152,6
DA:153,0
DA:156,6
DA:158,6
DA:165,6
DA:167,10
DA:168,5
DA:170,6
DA:172,4
DA:174,4
DA:181,4
DA:182,8
DA:183,4
DA:186,10
DA:187,10
DA:193,107
DA:194,69
DA:195,0
DA:196,0
DA:200,107
DA:201,0
DA:202,0
DA:203,0
DA:204,0
DA:205,0
DA:208,107
DA:209,107
DA:210,107
DA:212,107
DA:225,0
DA:272,963
DA:275,1
DA:276,1
DA:287,1
DA:288,1
DA:335,1
DA:342,64
DA:354,10
DA:356,0
DA:397,69
DA:408,69
DA:409,69
DA:410,69
DA:411,69
DA:431,9
LF:90
LH:78
BRDA:56,0,0,0
BRDA:56,0,1,6
BRDA:57,1,0,0
BRDA:57,1,1,6
BRDA:58,2,0,0
BRDA:58,2,1,6
BRDA:59,3,0,0
BRDA:59,3,1,6
BRDA:110,4,0,10
BRDA:110,4,1,9
BRDA:111,5,0,0
BRDA:111,5,1,10
BRDA:111,6,0,10
BRDA:111,6,1,10
BRDA:152,7,0,0
BRDA:152,7,1,6
BRDA:194,8,0,0
BRDA:194,8,1,69
BRDA:194,9,0,69
BRDA:194,9,1,0
BRDA:287,10,0,1
BRDA:287,10,1,0
BRDA:291,11,0,107
BRDA:291,11,1,856
BRDA:306,12,0,75
BRDA:306,12,1,32
BRDA:346,13,0,32
BRDA:346,13,1,5
BRDA:346,13,2,5
BRDA:378,14,0,107
BRDA:378,14,1,1
BRDA:397,15,0,69
BRDA:397,15,1,0
BRDA:409,16,0,69
BRDA:409,16,1,0
BRDA:417,17,0,107
BRDA:417,17,1,69
BRDA:420,18,0,0
BRDA:420,18,1,69
BRDA:432,19,0,107
BRDA:432,19,1,69
BRF:41
BRH:29
end_of_record
TN:
SF:src\pages\HomePage.tsx
FN:11,HomePage
FNF:1
FNH:1
FNDA:2,HomePage
DA:12,2
LF:1
LH:1
BRF:0
BRH:0
end_of_record
TN:
SF:src\utils\parser.ts
FN:1,isNumberedStep
FN:2,isBullet
FN:3,isHeading
FN:4,isBoldLine
FN:5,isPortalLine
FN:9,isWarningLine
FN:13,isSuccessLine
FN:14,isProTip
FNF:8
FNH:8
FNDA:69,isNumberedStep
FNDA:59,isBullet
FNDA:52,isHeading
FNDA:44,isBoldLine
FNDA:53,isPortalLine
FNDA:57,isWarningLine
FNDA:46,isSuccessLine
FNDA:56,isProTip
DA:1,69
DA:2,59
DA:3,52
DA:4,44
DA:6,53
DA:7,53
DA:10,57
DA:11,57
DA:13,46
DA:15,56
DA:16,56
LF:11
LH:11
BRDA:7,0,0,53
BRDA:7,0,1,51
BRDA:11,1,0,57
BRDA:11,1,1,55
BRDA:11,1,2,54
BRDA:16,2,0,56
BRDA:16,2,1,54
BRF:7
BRH:7
end_of_record
